Arguments: 
  C:\Program Files\nodejs\node.exe C:\Users\edwin perez\AppData\Roaming\npm\node_modules\yarn\bin\yarn.js add licence

PATH: 
  C:\Users\edwin perez\bin;E:\Program Files\mingw64\bin;E:\Program Files\usr\local\bin;E:\Program Files\usr\bin;E:\Program Files\usr\bin;E:\Program Files\mingw64\bin;E:\Program Files\usr\bin;C:\Users\edwin perez\bin;C:\Program Files\Microsoft MPI\Bin;C:\Windows\system32;C:\Windows;C:\Windows\System32\Wbem;C:\Windows\System32\WindowsPowerShell\v1.0;C:\Program Files\MongoDB\Server\3.6\bin\mongod.exe;C:\Program Files\MongoDB\Server\3.6\data\db;C:\Program Files\PuTTY;C:\Program Files\dotnet;C:\Users\edwin perez\AppData\Roaming\nvm;C:\Program Files\nodejs;C:\Program Files (x86)\GtkSharp\2.12\bin;C:\Program Files (x86)\Microsoft SQL Server\140\Tools\Binn;C:\Program Files\Microsoft SQL Server\140\Tools\Binn;C:\Program Files (x86)\Microsoft SQL Server\140\DTS\Binn;C:\Program Files\Microsoft SQL Server\140\DTS\Binn;C:\Program Files\Microsoft SQL Server\Client SDK\ODBC\130\Tools\Binn;C:\Program Files (x86)\Xoreax\IncrediBuild;C:\Program Files (x86)\Microsoft SQL Server\Client SDK\ODBC\130\Tools\Binn;C:\Program Files (x86)\Microsoft SQL Server\140\Tools\Binn\ManagementStudio;C:\ProgramData\chocolatey\bin;C:\Program Files (x86)\Microsoft Emulator Manager\1.0;C:\Program Files\Microsoft SQL Server\130\Tools\Binn;E:\Program Files\cmd;C:\Users\edwin perez\AppData\Local\Microsoft\WindowsApps;C:\Users\edwin perez\AppData\Roaming\npm;C:\Users\edwin perez\AppData\Roaming\nvm;C:\Program Files\nodejs;C:\Users\edwin perez\AppData\Local\.meteor;C:\AppServ\Apache24\bin;C:\AppServ\php5;C:\AppServ\MySQL\bin;E:\VS\bin;C:\Program Files (x86)\Microsoft VS Code\bin;C:\AppServ\Apache24\bin;C:\AppServ\php5;C:\AppServ\MySQL\bin;C:\Program Files\Microsoft VS Code\bin;E:\Program Files\usr\bin\vendor_perl;E:\Program Files\usr\bin\core_perl

Yarn version: 
  1.9.4

Node version: 
  8.10.0

Platform: 
  win32 x64

Trace: 
  Error: https://registry.yarnpkg.com/licence: Not found
      at Request.params.callback [as _callback] (C:\Users\edwin perez\AppData\Roaming\npm\node_modules\yarn\lib\cli.js:64202:18)
      at Request.self.callback (C:\Users\edwin perez\AppData\Roaming\npm\node_modules\yarn\lib\cli.js:137468:22)
      at emitTwo (events.js:126:13)
      at Request.emit (events.js:214:7)
      at Request.<anonymous> (C:\Users\edwin perez\AppData\Roaming\npm\node_modules\yarn\lib\cli.js:138440:10)
      at emitOne (events.js:116:13)
      at Request.emit (events.js:211:7)
      at IncomingMessage.<anonymous> (C:\Users\edwin perez\AppData\Roaming\npm\node_modules\yarn\lib\cli.js:138362:12)
      at Object.onceWrapper (events.js:313:30)
      at emitNone (events.js:111:20)

npm manifest: 
  {
    "dependencies": {
      "flow": "^0.2.3",
      "lint": "^1.1.2",
      "prettier": "^1.14.2"
    }
  }

yarn manifest: 
  No manifest

Lockfile: 
  # THIS IS AN AUTOGENERATED FILE. DO NOT EDIT THIS FILE DIRECTLY.
  # yarn lockfile v1
  
  
  flow@^0.2.3:
    version "0.2.3"
    resolved "https://registry.yarnpkg.com/flow/-/flow-0.2.3.tgz#f8da65efa249127ec99376a28896572a9795d1af"
  
  lint@^1.1.2:
    version "1.1.2"
    resolved "https://registry.yarnpkg.com/lint/-/lint-1.1.2.tgz#35ed064f322547c331358d899868664968ba371f"
  
  prettier@^1.14.2:
    version "1.14.2"
    resolved "https://registry.yarnpkg.com/prettier/-/prettier-1.14.2.tgz#0ac1c6e1a90baa22a62925f41963c841983282f9"
